<?xml version="1.0" encoding="UTF-8"?>
<testsuite name="lotto.LottoTicketTest" tests="7" skipped="0" failures="0" errors="0" timestamp="2021-11-30T07:56:49" hostname="gimtaehun-ui-MacBookPro.local" time="0.031">
  <properties/>
  <testcase name="로또 티켓이 양식에 맞게 만들어지는가 틀린 결과값을 사용해 오류를 낸다." classname="lotto.LottoTicketTest" time="0.02"/>
  <testcase name="로또 공이 6개가 주어지면 정상적으로 로직을 실행한다." classname="lotto.LottoTicketTest" time="0.0"/>
  <testcase name="로또 공이 6개보다 많은데, 중복을 빼고 6개인 경우에도 오류를 반환한다." classname="lotto.LottoTicketTest" time="0.002"/>
  <testcase name="로또 티켓이 양식에 맞게 만들어지는가를 검증한다." classname="lotto.LottoTicketTest" time="0.002"/>
  <testcase name="공이 중복되면 에러를 반환한다." classname="lotto.LottoTicketTest" time="0.002"/>
  <testcase name="로또 공이 6개보다 많으면 에러를 반환한다." classname="lotto.LottoTicketTest" time="0.001"/>
  <testcase name="로또 공이 6개보다 적으면 에러를 반환한다." classname="lotto.LottoTicketTest" time="0.001"/>
  <system-out><![CDATA[]]></system-out>
  <system-err><![CDATA[]]></system-err>
</testsuite>
